

Started GET "/" for 127.0.0.1 at 2014-08-28 19:27:18 -0400
Processing by Rails::WelcomeController#index as HTML
  Rendered /Users/shuwu/.rvm/gems/ruby-2.1.2@global/gems/railties-4.1.5/lib/rails/templates/rails/welcome/index.html.erb (1.8ms)
Completed 200 OK in 47ms (Views: 7.8ms | ActiveRecord: 0.0ms)
  [1m[36m (2.7ms)[0m  [1mCREATE TABLE "schema_migrations" ("version" varchar(255) NOT NULL) [0m
  [1m[35m (0.7ms)[0m  select sqlite_version(*)
  [1m[36m (5.6ms)[0m  [1mCREATE UNIQUE INDEX "unique_schema_migrations" ON "schema_migrations" ("version")[0m
  [1m[35mActiveRecord::SchemaMigration Load (0.2ms)[0m  SELECT "schema_migrations".* FROM "schema_migrations"
Migrating to CreateBooks (20140828233451)
  [1m[36m (0.1ms)[0m  [1mbegin transaction[0m
  [1m[35m (0.6ms)[0m  CREATE TABLE "books" ("id" INTEGER PRIMARY KEY AUTOINCREMENT NOT NULL, "title" varchar(255), "author" varchar(255), "created_at" datetime, "updated_at" datetime) 
  [1m[36mSQL (0.2ms)[0m  [1mINSERT INTO "schema_migrations" ("version") VALUES (?)[0m  [["version", "20140828233451"]]
  [1m[35m (5.3ms)[0m  commit transaction
  [1m[36mActiveRecord::SchemaMigration Load (0.1ms)[0m  [1mSELECT "schema_migrations".* FROM "schema_migrations"[0m


Started GET "/books" for 127.0.0.1 at 2014-08-28 19:40:56 -0400
  [1m[36mActiveRecord::SchemaMigration Load (0.1ms)[0m  [1mSELECT "schema_migrations".* FROM "schema_migrations"[0m
Processing by BooksController#index as HTML
  [1m[35mBook Load (0.1ms)[0m  SELECT "books".* FROM "books"
  Rendered books/index.html.erb within layouts/application (1.4ms)
Completed 200 OK in 1027ms (Views: 1024.9ms | ActiveRecord: 0.1ms)


Started GET "/assets/scaffolds.css?body=1" for 127.0.0.1 at 2014-08-28 19:40:57 -0400


Started GET "/assets/jquery.js?body=1" for 127.0.0.1 at 2014-08-28 19:40:57 -0400


Started GET "/assets/application.css?body=1" for 127.0.0.1 at 2014-08-28 19:40:57 -0400


Started GET "/assets/books.css?body=1" for 127.0.0.1 at 2014-08-28 19:40:57 -0400


Started GET "/assets/turbolinks.js?body=1" for 127.0.0.1 at 2014-08-28 19:40:57 -0400


Started GET "/assets/jquery_ujs.js?body=1" for 127.0.0.1 at 2014-08-28 19:40:57 -0400


Started GET "/assets/books.js?body=1" for 127.0.0.1 at 2014-08-28 19:40:57 -0400


Started GET "/assets/application.js?body=1" for 127.0.0.1 at 2014-08-28 19:40:57 -0400


Started GET "/books/new" for 127.0.0.1 at 2014-08-28 19:41:35 -0400
Processing by BooksController#new as HTML
  Rendered books/_form.html.erb (54.3ms)
  Rendered books/new.html.erb within layouts/application (62.4ms)
Completed 200 OK in 79ms (Views: 77.9ms | ActiveRecord: 0.3ms)


Started GET "/books/new" for 127.0.0.1 at 2014-08-28 19:41:43 -0400
Processing by BooksController#new as HTML
  Rendered books/_form.html.erb (1.7ms)
  Rendered books/new.html.erb within layouts/application (2.6ms)
Completed 200 OK in 7ms (Views: 6.6ms | ActiveRecord: 0.0ms)


Started POST "/books" for 127.0.0.1 at 2014-08-28 19:42:33 -0400
Processing by BooksController#create as HTML
  Parameters: {"utf8"=>"✓", "authenticity_token"=>"/AaQoI0KY5xJmWkV4/thjDykZRvEMBQnzWSjuiSiyzM=", "book"=>{"title"=>"Huck Finn", "author"=>"Twain"}, "commit"=>"Create Book"}
  [1m[36m (0.1ms)[0m  [1mbegin transaction[0m
  [1m[35mSQL (0.5ms)[0m  INSERT INTO "books" ("author", "created_at", "title", "updated_at") VALUES (?, ?, ?, ?)  [["author", "Twain"], ["created_at", "2014-08-28 23:42:33.593543"], ["title", "Huck Finn"], ["updated_at", "2014-08-28 23:42:33.593543"]]
  [1m[36m (2.0ms)[0m  [1mcommit transaction[0m
Redirected to http://localhost:3000/books/1
Completed 302 Found in 31ms (ActiveRecord: 2.6ms)


Started GET "/books/1" for 127.0.0.1 at 2014-08-28 19:42:33 -0400
Processing by BooksController#show as HTML
  Parameters: {"id"=>"1"}
  [1m[35mBook Load (0.2ms)[0m  SELECT  "books".* FROM "books"  WHERE "books"."id" = ? LIMIT 1  [["id", 1]]
  Rendered books/show.html.erb within layouts/application (0.8ms)
Completed 200 OK in 11ms (Views: 9.1ms | ActiveRecord: 0.2ms)


Started GET "/assets/books.css?body=1" for 127.0.0.1 at 2014-08-28 19:42:33 -0400


Started GET "/assets/scaffolds.css?body=1" for 127.0.0.1 at 2014-08-28 19:42:33 -0400


Started GET "/assets/books.js?body=1" for 127.0.0.1 at 2014-08-28 19:42:33 -0400


Started GET "/books" for 127.0.0.1 at 2014-08-28 19:42:43 -0400
Processing by BooksController#index as HTML
  [1m[36mBook Load (0.1ms)[0m  [1mSELECT "books".* FROM "books"[0m
  Rendered books/index.html.erb within layouts/application (1.4ms)
Completed 200 OK in 5ms (Views: 4.8ms | ActiveRecord: 0.1ms)


Started GET "/books/1/edit" for 127.0.0.1 at 2014-08-28 19:43:45 -0400
Processing by BooksController#edit as HTML
  Parameters: {"id"=>"1"}
  [1m[35mBook Load (0.1ms)[0m  SELECT  "books".* FROM "books"  WHERE "books"."id" = ? LIMIT 1  [["id", 1]]
  Rendered books/_form.html.erb (1.7ms)
  Rendered books/edit.html.erb within layouts/application (3.1ms)
Completed 200 OK in 38ms (Views: 36.5ms | ActiveRecord: 0.1ms)


Started GET "/books/1" for 127.0.0.1 at 2014-08-28 19:43:49 -0400
Processing by BooksController#show as HTML
  Parameters: {"id"=>"1"}
  [1m[36mBook Load (0.1ms)[0m  [1mSELECT  "books".* FROM "books"  WHERE "books"."id" = ? LIMIT 1[0m  [["id", 1]]
  Rendered books/show.html.erb within layouts/application (0.8ms)
Completed 200 OK in 6ms (Views: 5.1ms | ActiveRecord: 0.1ms)


Started GET "/books" for 127.0.0.1 at 2014-08-28 19:43:52 -0400
Processing by BooksController#index as HTML
  [1m[35mBook Load (0.1ms)[0m  SELECT "books".* FROM "books"
  Rendered books/index.html.erb within layouts/application (1.1ms)
Completed 200 OK in 6ms (Views: 5.0ms | ActiveRecord: 0.1ms)


Started GET "/books/new" for 127.0.0.1 at 2014-08-28 19:44:06 -0400
Processing by BooksController#new as HTML
  Rendered books/_form.html.erb (1.7ms)
  Rendered books/new.html.erb within layouts/application (2.6ms)
Completed 200 OK in 7ms (Views: 6.6ms | ActiveRecord: 0.0ms)


Started POST "/books" for 127.0.0.1 at 2014-08-28 19:44:20 -0400
Processing by BooksController#create as HTML
  Parameters: {"utf8"=>"✓", "authenticity_token"=>"/AaQoI0KY5xJmWkV4/thjDykZRvEMBQnzWSjuiSiyzM=", "book"=>{"title"=>"ABC", "author"=>"Dr.S"}, "commit"=>"Create Book"}
  [1m[36m (0.1ms)[0m  [1mbegin transaction[0m
  [1m[35mSQL (0.2ms)[0m  INSERT INTO "books" ("author", "created_at", "title", "updated_at") VALUES (?, ?, ?, ?)  [["author", "Dr.S"], ["created_at", "2014-08-28 23:44:20.911442"], ["title", "ABC"], ["updated_at", "2014-08-28 23:44:20.911442"]]
  [1m[36m (1.9ms)[0m  [1mcommit transaction[0m
Redirected to http://localhost:3000/books/2
Completed 302 Found in 4ms (ActiveRecord: 2.1ms)


Started GET "/books/2" for 127.0.0.1 at 2014-08-28 19:44:20 -0400
Processing by BooksController#show as HTML
  Parameters: {"id"=>"2"}
  [1m[35mBook Load (0.1ms)[0m  SELECT  "books".* FROM "books"  WHERE "books"."id" = ? LIMIT 1  [["id", 2]]
  Rendered books/show.html.erb within layouts/application (0.3ms)
Completed 200 OK in 5ms (Views: 3.7ms | ActiveRecord: 0.1ms)


Started GET "/assets/books.css?body=1" for 127.0.0.1 at 2014-08-28 19:44:20 -0400


Started GET "/assets/scaffolds.css?body=1" for 127.0.0.1 at 2014-08-28 19:44:20 -0400


Started GET "/assets/jquery.js?body=1" for 127.0.0.1 at 2014-08-28 19:44:20 -0400


Started GET "/assets/application.css?body=1" for 127.0.0.1 at 2014-08-28 19:44:20 -0400


Started GET "/assets/jquery_ujs.js?body=1" for 127.0.0.1 at 2014-08-28 19:44:20 -0400


Started GET "/assets/turbolinks.js?body=1" for 127.0.0.1 at 2014-08-28 19:44:20 -0400


Started GET "/assets/books.js?body=1" for 127.0.0.1 at 2014-08-28 19:44:20 -0400


Started GET "/assets/application.js?body=1" for 127.0.0.1 at 2014-08-28 19:44:20 -0400


Started GET "/books" for 127.0.0.1 at 2014-08-28 19:44:24 -0400
Processing by BooksController#index as HTML
  [1m[36mBook Load (0.1ms)[0m  [1mSELECT "books".* FROM "books"[0m
  Rendered books/index.html.erb within layouts/application (1.2ms)
Completed 200 OK in 5ms (Views: 4.4ms | ActiveRecord: 0.1ms)


Started GET "/books/new" for 127.0.0.1 at 2014-08-28 19:44:40 -0400
Processing by BooksController#new as HTML
  Rendered books/_form.html.erb (1.5ms)
  Rendered books/new.html.erb within layouts/application (2.3ms)
Completed 200 OK in 7ms (Views: 6.2ms | ActiveRecord: 0.0ms)


Started POST "/books" for 127.0.0.1 at 2014-08-28 19:44:51 -0400
Processing by BooksController#create as HTML
  Parameters: {"utf8"=>"✓", "authenticity_token"=>"/AaQoI0KY5xJmWkV4/thjDykZRvEMBQnzWSjuiSiyzM=", "book"=>{"title"=>"Divergent", "author"=>"Unknown"}, "commit"=>"Create Book"}
  [1m[35m (0.1ms)[0m  begin transaction
  [1m[36mSQL (0.3ms)[0m  [1mINSERT INTO "books" ("author", "created_at", "title", "updated_at") VALUES (?, ?, ?, ?)[0m  [["author", "Unknown"], ["created_at", "2014-08-28 23:44:51.844821"], ["title", "Divergent"], ["updated_at", "2014-08-28 23:44:51.844821"]]
  [1m[35m (1.4ms)[0m  commit transaction
Redirected to http://localhost:3000/books/3
Completed 302 Found in 4ms (ActiveRecord: 1.7ms)


Started GET "/books/3" for 127.0.0.1 at 2014-08-28 19:44:51 -0400
Processing by BooksController#show as HTML
  Parameters: {"id"=>"3"}
  [1m[36mBook Load (0.1ms)[0m  [1mSELECT  "books".* FROM "books"  WHERE "books"."id" = ? LIMIT 1[0m  [["id", 3]]
  Rendered books/show.html.erb within layouts/application (0.3ms)
Completed 200 OK in 5ms (Views: 3.6ms | ActiveRecord: 0.1ms)


Started GET "/assets/books.css?body=1" for 127.0.0.1 at 2014-08-28 19:44:51 -0400


Started GET "/assets/scaffolds.css?body=1" for 127.0.0.1 at 2014-08-28 19:44:51 -0400


Started GET "/assets/books.js?body=1" for 127.0.0.1 at 2014-08-28 19:44:51 -0400


Started GET "/assets/application.css?body=1" for 127.0.0.1 at 2014-08-28 19:44:51 -0400


Started GET "/assets/jquery.js?body=1" for 127.0.0.1 at 2014-08-28 19:44:51 -0400


Started GET "/assets/jquery_ujs.js?body=1" for 127.0.0.1 at 2014-08-28 19:44:51 -0400


Started GET "/assets/turbolinks.js?body=1" for 127.0.0.1 at 2014-08-28 19:44:51 -0400


Started GET "/assets/application.js?body=1" for 127.0.0.1 at 2014-08-28 19:44:51 -0400


Started GET "/books" for 127.0.0.1 at 2014-08-28 19:44:53 -0400
Processing by BooksController#index as HTML
  [1m[35mBook Load (0.1ms)[0m  SELECT "books".* FROM "books"
  Rendered books/index.html.erb within layouts/application (1.8ms)
Completed 200 OK in 6ms (Views: 5.8ms | ActiveRecord: 0.1ms)


Started GET "/books/2" for 127.0.0.1 at 2014-08-28 19:45:19 -0400
Processing by BooksController#show as HTML
  Parameters: {"id"=>"2"}
  [1m[36mBook Load (0.1ms)[0m  [1mSELECT  "books".* FROM "books"  WHERE "books"."id" = ? LIMIT 1[0m  [["id", 2]]
  Rendered books/show.html.erb within layouts/application (0.3ms)
Completed 200 OK in 5ms (Views: 4.2ms | ActiveRecord: 0.1ms)


Started GET "/books/1" for 127.0.0.1 at 2014-08-28 19:45:30 -0400
Processing by BooksController#show as HTML
  Parameters: {"id"=>"1"}
  [1m[35mBook Load (0.1ms)[0m  SELECT  "books".* FROM "books"  WHERE "books"."id" = ? LIMIT 1  [["id", 1]]
  Rendered books/show.html.erb within layouts/application (0.5ms)
Completed 200 OK in 7ms (Views: 5.1ms | ActiveRecord: 0.1ms)


Started GET "/assets/application.css?body=1" for 127.0.0.1 at 2014-08-28 19:45:30 -0400


Started GET "/assets/scaffolds.css?body=1" for 127.0.0.1 at 2014-08-28 19:45:30 -0400


Started GET "/assets/jquery.js?body=1" for 127.0.0.1 at 2014-08-28 19:45:30 -0400


Started GET "/assets/jquery_ujs.js?body=1" for 127.0.0.1 at 2014-08-28 19:45:30 -0400


Started GET "/assets/books.css?body=1" for 127.0.0.1 at 2014-08-28 19:45:30 -0400


Started GET "/assets/turbolinks.js?body=1" for 127.0.0.1 at 2014-08-28 19:45:30 -0400


Started GET "/assets/books.js?body=1" for 127.0.0.1 at 2014-08-28 19:45:30 -0400


Started GET "/assets/application.js?body=1" for 127.0.0.1 at 2014-08-28 19:45:30 -0400


Started GET "/books/1/edit" for 127.0.0.1 at 2014-08-28 19:45:43 -0400
Processing by BooksController#edit as HTML
  Parameters: {"id"=>"1"}
  [1m[36mBook Load (0.1ms)[0m  [1mSELECT  "books".* FROM "books"  WHERE "books"."id" = ? LIMIT 1[0m  [["id", 1]]
  Rendered books/_form.html.erb (1.5ms)
  Rendered books/edit.html.erb within layouts/application (2.3ms)
Completed 200 OK in 26ms (Views: 24.7ms | ActiveRecord: 0.1ms)


Started GET "/books/1" for 127.0.0.1 at 2014-08-28 19:45:48 -0400
Processing by BooksController#show as HTML
  Parameters: {"id"=>"1"}
  [1m[35mBook Load (0.1ms)[0m  SELECT  "books".* FROM "books"  WHERE "books"."id" = ? LIMIT 1  [["id", 1]]
  Rendered books/show.html.erb within layouts/application (0.3ms)
Completed 200 OK in 5ms (Views: 4.0ms | ActiveRecord: 0.1ms)


Started GET "/assets/books.css?body=1" for 127.0.0.1 at 2014-08-28 19:45:48 -0400


Started GET "/assets/scaffolds.css?body=1" for 127.0.0.1 at 2014-08-28 19:45:48 -0400


Started GET "/assets/jquery_ujs.js?body=1" for 127.0.0.1 at 2014-08-28 19:45:48 -0400


Started GET "/assets/application.css?body=1" for 127.0.0.1 at 2014-08-28 19:45:48 -0400


Started GET "/assets/turbolinks.js?body=1" for 127.0.0.1 at 2014-08-28 19:45:48 -0400


Started GET "/assets/books.js?body=1" for 127.0.0.1 at 2014-08-28 19:45:48 -0400


Started GET "/assets/application.js?body=1" for 127.0.0.1 at 2014-08-28 19:45:48 -0400


Started GET "/assets/jquery.js?body=1" for 127.0.0.1 at 2014-08-28 19:45:48 -0400


Started GET "/books" for 127.0.0.1 at 2014-08-28 20:08:16 -0400
Processing by BooksController#index as HTML
  [1m[36mBook Load (0.2ms)[0m  [1mSELECT "books".* FROM "books"[0m
  Rendered books/index.html.erb within layouts/application (2.4ms)
Completed 200 OK in 21ms (Views: 20.5ms | ActiveRecord: 0.2ms)


Started GET "/assets/scaffolds.css?body=1" for 127.0.0.1 at 2014-08-28 20:08:16 -0400


Started GET "/assets/books.css?body=1" for 127.0.0.1 at 2014-08-28 20:08:16 -0400


Started GET "/assets/application.css?body=1" for 127.0.0.1 at 2014-08-28 20:08:16 -0400


Started GET "/assets/jquery.js?body=1" for 127.0.0.1 at 2014-08-28 20:08:16 -0400


Started GET "/assets/turbolinks.js?body=1" for 127.0.0.1 at 2014-08-28 20:08:16 -0400


Started GET "/assets/jquery_ujs.js?body=1" for 127.0.0.1 at 2014-08-28 20:08:16 -0400


Started GET "/assets/application.js?body=1" for 127.0.0.1 at 2014-08-28 20:08:16 -0400


Started GET "/assets/books.js?body=1" for 127.0.0.1 at 2014-08-28 20:08:16 -0400


Started GET "/tempappname" for 127.0.0.1 at 2014-08-28 20:52:58 -0400
  [1m[36mActiveRecord::SchemaMigration Load (0.6ms)[0m  [1mSELECT "schema_migrations".* FROM "schema_migrations"[0m

ActionController::RoutingError (No route matches [GET] "/tempappname"):
  actionpack (4.1.5) lib/action_dispatch/middleware/debug_exceptions.rb:21:in `call'
  actionpack (4.1.5) lib/action_dispatch/middleware/show_exceptions.rb:30:in `call'
  railties (4.1.5) lib/rails/rack/logger.rb:38:in `call_app'
  railties (4.1.5) lib/rails/rack/logger.rb:20:in `block in call'
  activesupport (4.1.5) lib/active_support/tagged_logging.rb:68:in `block in tagged'
  activesupport (4.1.5) lib/active_support/tagged_logging.rb:26:in `tagged'
  activesupport (4.1.5) lib/active_support/tagged_logging.rb:68:in `tagged'
  railties (4.1.5) lib/rails/rack/logger.rb:20:in `call'
  actionpack (4.1.5) lib/action_dispatch/middleware/request_id.rb:21:in `call'
  rack (1.5.2) lib/rack/methodoverride.rb:21:in `call'
  rack (1.5.2) lib/rack/runtime.rb:17:in `call'
  activesupport (4.1.5) lib/active_support/cache/strategy/local_cache_middleware.rb:26:in `call'
  rack (1.5.2) lib/rack/lock.rb:17:in `call'
  actionpack (4.1.5) lib/action_dispatch/middleware/static.rb:64:in `call'
  rack (1.5.2) lib/rack/sendfile.rb:112:in `call'
  railties (4.1.5) lib/rails/engine.rb:514:in `call'
  railties (4.1.5) lib/rails/application.rb:144:in `call'
  rack (1.5.2) lib/rack/lock.rb:17:in `call'
  rack (1.5.2) lib/rack/content_length.rb:14:in `call'
  rack (1.5.2) lib/rack/handler/webrick.rb:60:in `service'
  /Users/shuwu/.rvm/rubies/ruby-2.1.2/lib/ruby/2.1.0/webrick/httpserver.rb:138:in `service'
  /Users/shuwu/.rvm/rubies/ruby-2.1.2/lib/ruby/2.1.0/webrick/httpserver.rb:94:in `run'
  /Users/shuwu/.rvm/rubies/ruby-2.1.2/lib/ruby/2.1.0/webrick/server.rb:295:in `block in start_thread'


  Rendered /Users/shuwu/.rvm/gems/ruby-2.1.2@global/gems/actionpack-4.1.5/lib/action_dispatch/middleware/templates/rescues/_trace.html.erb (1.1ms)
  Rendered /Users/shuwu/.rvm/gems/ruby-2.1.2@global/gems/actionpack-4.1.5/lib/action_dispatch/middleware/templates/routes/_route.html.erb (0.9ms)
  Rendered /Users/shuwu/.rvm/gems/ruby-2.1.2@global/gems/actionpack-4.1.5/lib/action_dispatch/middleware/templates/routes/_table.html.erb (14.5ms)
  Rendered /Users/shuwu/.rvm/gems/ruby-2.1.2@global/gems/actionpack-4.1.5/lib/action_dispatch/middleware/templates/rescues/routing_error.html.erb within rescues/layout (39.6ms)


Started GET "/" for 127.0.0.1 at 2014-08-28 20:53:44 -0400
Processing by Rails::WelcomeController#index as HTML
  Rendered /Users/shuwu/.rvm/gems/ruby-2.1.2@global/gems/railties-4.1.5/lib/rails/templates/rails/welcome/index.html.erb (0.7ms)
Completed 200 OK in 21ms (Views: 2.5ms | ActiveRecord: 0.0ms)


Started GET "/tempappname" for 127.0.0.1 at 2014-08-28 20:53:52 -0400

ActionController::RoutingError (No route matches [GET] "/tempappname"):
  actionpack (4.1.5) lib/action_dispatch/middleware/debug_exceptions.rb:21:in `call'
  actionpack (4.1.5) lib/action_dispatch/middleware/show_exceptions.rb:30:in `call'
  railties (4.1.5) lib/rails/rack/logger.rb:38:in `call_app'
  railties (4.1.5) lib/rails/rack/logger.rb:20:in `block in call'
  activesupport (4.1.5) lib/active_support/tagged_logging.rb:68:in `block in tagged'
  activesupport (4.1.5) lib/active_support/tagged_logging.rb:26:in `tagged'
  activesupport (4.1.5) lib/active_support/tagged_logging.rb:68:in `tagged'
  railties (4.1.5) lib/rails/rack/logger.rb:20:in `call'
  actionpack (4.1.5) lib/action_dispatch/middleware/request_id.rb:21:in `call'
  rack (1.5.2) lib/rack/methodoverride.rb:21:in `call'
  rack (1.5.2) lib/rack/runtime.rb:17:in `call'
  activesupport (4.1.5) lib/active_support/cache/strategy/local_cache_middleware.rb:26:in `call'
  rack (1.5.2) lib/rack/lock.rb:17:in `call'
  actionpack (4.1.5) lib/action_dispatch/middleware/static.rb:64:in `call'
  rack (1.5.2) lib/rack/sendfile.rb:112:in `call'
  railties (4.1.5) lib/rails/engine.rb:514:in `call'
  railties (4.1.5) lib/rails/application.rb:144:in `call'
  rack (1.5.2) lib/rack/lock.rb:17:in `call'
  rack (1.5.2) lib/rack/content_length.rb:14:in `call'
  rack (1.5.2) lib/rack/handler/webrick.rb:60:in `service'
  /Users/shuwu/.rvm/rubies/ruby-2.1.2/lib/ruby/2.1.0/webrick/httpserver.rb:138:in `service'
  /Users/shuwu/.rvm/rubies/ruby-2.1.2/lib/ruby/2.1.0/webrick/httpserver.rb:94:in `run'
  /Users/shuwu/.rvm/rubies/ruby-2.1.2/lib/ruby/2.1.0/webrick/server.rb:295:in `block in start_thread'


  Rendered /Users/shuwu/.rvm/gems/ruby-2.1.2@global/gems/actionpack-4.1.5/lib/action_dispatch/middleware/templates/rescues/_trace.html.erb (1.1ms)
  Rendered /Users/shuwu/.rvm/gems/ruby-2.1.2@global/gems/actionpack-4.1.5/lib/action_dispatch/middleware/templates/routes/_route.html.erb (1.2ms)
  Rendered /Users/shuwu/.rvm/gems/ruby-2.1.2@global/gems/actionpack-4.1.5/lib/action_dispatch/middleware/templates/routes/_table.html.erb (0.9ms)
  Rendered /Users/shuwu/.rvm/gems/ruby-2.1.2@global/gems/actionpack-4.1.5/lib/action_dispatch/middleware/templates/rescues/routing_error.html.erb within rescues/layout (19.4ms)


Started GET "/robots.text" for 127.0.0.1 at 2014-08-28 20:55:05 -0400

ActionController::RoutingError (No route matches [GET] "/robots.text"):
  actionpack (4.1.5) lib/action_dispatch/middleware/debug_exceptions.rb:21:in `call'
  actionpack (4.1.5) lib/action_dispatch/middleware/show_exceptions.rb:30:in `call'
  railties (4.1.5) lib/rails/rack/logger.rb:38:in `call_app'
  railties (4.1.5) lib/rails/rack/logger.rb:20:in `block in call'
  activesupport (4.1.5) lib/active_support/tagged_logging.rb:68:in `block in tagged'
  activesupport (4.1.5) lib/active_support/tagged_logging.rb:26:in `tagged'
  activesupport (4.1.5) lib/active_support/tagged_logging.rb:68:in `tagged'
  railties (4.1.5) lib/rails/rack/logger.rb:20:in `call'
  actionpack (4.1.5) lib/action_dispatch/middleware/request_id.rb:21:in `call'
  rack (1.5.2) lib/rack/methodoverride.rb:21:in `call'
  rack (1.5.2) lib/rack/runtime.rb:17:in `call'
  activesupport (4.1.5) lib/active_support/cache/strategy/local_cache_middleware.rb:26:in `call'
  rack (1.5.2) lib/rack/lock.rb:17:in `call'
  actionpack (4.1.5) lib/action_dispatch/middleware/static.rb:64:in `call'
  rack (1.5.2) lib/rack/sendfile.rb:112:in `call'
  railties (4.1.5) lib/rails/engine.rb:514:in `call'
  railties (4.1.5) lib/rails/application.rb:144:in `call'
  rack (1.5.2) lib/rack/lock.rb:17:in `call'
  rack (1.5.2) lib/rack/content_length.rb:14:in `call'
  rack (1.5.2) lib/rack/handler/webrick.rb:60:in `service'
  /Users/shuwu/.rvm/rubies/ruby-2.1.2/lib/ruby/2.1.0/webrick/httpserver.rb:138:in `service'
  /Users/shuwu/.rvm/rubies/ruby-2.1.2/lib/ruby/2.1.0/webrick/httpserver.rb:94:in `run'
  /Users/shuwu/.rvm/rubies/ruby-2.1.2/lib/ruby/2.1.0/webrick/server.rb:295:in `block in start_thread'


  Rendered /Users/shuwu/.rvm/gems/ruby-2.1.2@global/gems/actionpack-4.1.5/lib/action_dispatch/middleware/templates/rescues/_trace.html.erb (0.8ms)
  Rendered /Users/shuwu/.rvm/gems/ruby-2.1.2@global/gems/actionpack-4.1.5/lib/action_dispatch/middleware/templates/routes/_route.html.erb (1.0ms)
  Rendered /Users/shuwu/.rvm/gems/ruby-2.1.2@global/gems/actionpack-4.1.5/lib/action_dispatch/middleware/templates/routes/_table.html.erb (0.8ms)
  Rendered /Users/shuwu/.rvm/gems/ruby-2.1.2@global/gems/actionpack-4.1.5/lib/action_dispatch/middleware/templates/rescues/routing_error.html.erb within rescues/layout (15.2ms)


Started GET "/robot.text" for 127.0.0.1 at 2014-08-28 20:55:08 -0400

ActionController::RoutingError (No route matches [GET] "/robot.text"):
  actionpack (4.1.5) lib/action_dispatch/middleware/debug_exceptions.rb:21:in `call'
  actionpack (4.1.5) lib/action_dispatch/middleware/show_exceptions.rb:30:in `call'
  railties (4.1.5) lib/rails/rack/logger.rb:38:in `call_app'
  railties (4.1.5) lib/rails/rack/logger.rb:20:in `block in call'
  activesupport (4.1.5) lib/active_support/tagged_logging.rb:68:in `block in tagged'
  activesupport (4.1.5) lib/active_support/tagged_logging.rb:26:in `tagged'
  activesupport (4.1.5) lib/active_support/tagged_logging.rb:68:in `tagged'
  railties (4.1.5) lib/rails/rack/logger.rb:20:in `call'
  actionpack (4.1.5) lib/action_dispatch/middleware/request_id.rb:21:in `call'
  rack (1.5.2) lib/rack/methodoverride.rb:21:in `call'
  rack (1.5.2) lib/rack/runtime.rb:17:in `call'
  activesupport (4.1.5) lib/active_support/cache/strategy/local_cache_middleware.rb:26:in `call'
  rack (1.5.2) lib/rack/lock.rb:17:in `call'
  actionpack (4.1.5) lib/action_dispatch/middleware/static.rb:64:in `call'
  rack (1.5.2) lib/rack/sendfile.rb:112:in `call'
  railties (4.1.5) lib/rails/engine.rb:514:in `call'
  railties (4.1.5) lib/rails/application.rb:144:in `call'
  rack (1.5.2) lib/rack/lock.rb:17:in `call'
  rack (1.5.2) lib/rack/content_length.rb:14:in `call'
  rack (1.5.2) lib/rack/handler/webrick.rb:60:in `service'
  /Users/shuwu/.rvm/rubies/ruby-2.1.2/lib/ruby/2.1.0/webrick/httpserver.rb:138:in `service'
  /Users/shuwu/.rvm/rubies/ruby-2.1.2/lib/ruby/2.1.0/webrick/httpserver.rb:94:in `run'
  /Users/shuwu/.rvm/rubies/ruby-2.1.2/lib/ruby/2.1.0/webrick/server.rb:295:in `block in start_thread'


  Rendered /Users/shuwu/.rvm/gems/ruby-2.1.2@global/gems/actionpack-4.1.5/lib/action_dispatch/middleware/templates/rescues/_trace.html.erb (0.8ms)
  Rendered /Users/shuwu/.rvm/gems/ruby-2.1.2@global/gems/actionpack-4.1.5/lib/action_dispatch/middleware/templates/routes/_route.html.erb (0.9ms)
  Rendered /Users/shuwu/.rvm/gems/ruby-2.1.2@global/gems/actionpack-4.1.5/lib/action_dispatch/middleware/templates/routes/_table.html.erb (0.9ms)
  Rendered /Users/shuwu/.rvm/gems/ruby-2.1.2@global/gems/actionpack-4.1.5/lib/action_dispatch/middleware/templates/rescues/routing_error.html.erb within rescues/layout (15.3ms)


Started GET "/users" for 127.0.0.1 at 2014-08-28 21:13:53 -0400

LoadError (cannot load such file -- /Users/shuwu/Final_Project/07_First_Rails_App/my_first_rails_app/config/routes.rb):
  activesupport (4.1.5) lib/active_support/dependencies.rb:241:in `load'
  activesupport (4.1.5) lib/active_support/dependencies.rb:241:in `block in load'
  activesupport (4.1.5) lib/active_support/dependencies.rb:232:in `load_dependency'
  activesupport (4.1.5) lib/active_support/dependencies.rb:241:in `load'
  railties (4.1.5) lib/rails/application/routes_reloader.rb:40:in `block in load_paths'
  railties (4.1.5) lib/rails/application/routes_reloader.rb:40:in `each'
  railties (4.1.5) lib/rails/application/routes_reloader.rb:40:in `load_paths'
  railties (4.1.5) lib/rails/application/routes_reloader.rb:16:in `reload!'
  railties (4.1.5) lib/rails/application/routes_reloader.rb:26:in `block in updater'
  activesupport (4.1.5) lib/active_support/file_update_checker.rb:75:in `call'
  activesupport (4.1.5) lib/active_support/file_update_checker.rb:75:in `execute'
  railties (4.1.5) lib/rails/application/routes_reloader.rb:7:in `execute'
  railties (4.1.5) lib/rails/application/finisher.rb:83:in `block (2 levels) in <module:Finisher>'
  activesupport (4.1.5) lib/active_support/callbacks.rb:438:in `instance_exec'
  activesupport (4.1.5) lib/active_support/callbacks.rb:438:in `block in make_lambda'
  activesupport (4.1.5) lib/active_support/callbacks.rb:184:in `call'
  activesupport (4.1.5) lib/active_support/callbacks.rb:184:in `block in simple'
  activesupport (4.1.5) lib/active_support/callbacks.rb:185:in `call'
  activesupport (4.1.5) lib/active_support/callbacks.rb:185:in `block in simple'
  activesupport (4.1.5) lib/active_support/callbacks.rb:185:in `call'
  activesupport (4.1.5) lib/active_support/callbacks.rb:185:in `block in simple'
  activesupport (4.1.5) lib/active_support/callbacks.rb:86:in `call'
  activesupport (4.1.5) lib/active_support/callbacks.rb:86:in `run_callbacks'
  actionpack (4.1.5) lib/action_dispatch/middleware/reloader.rb:83:in `prepare!'
  actionpack (4.1.5) lib/action_dispatch/middleware/reloader.rb:71:in `call'
  actionpack (4.1.5) lib/action_dispatch/middleware/remote_ip.rb:76:in `call'
  actionpack (4.1.5) lib/action_dispatch/middleware/debug_exceptions.rb:17:in `call'
  actionpack (4.1.5) lib/action_dispatch/middleware/show_exceptions.rb:30:in `call'
  railties (4.1.5) lib/rails/rack/logger.rb:38:in `call_app'
  railties (4.1.5) lib/rails/rack/logger.rb:20:in `block in call'
  activesupport (4.1.5) lib/active_support/tagged_logging.rb:68:in `block in tagged'
  activesupport (4.1.5) lib/active_support/tagged_logging.rb:26:in `tagged'
  activesupport (4.1.5) lib/active_support/tagged_logging.rb:68:in `tagged'
  railties (4.1.5) lib/rails/rack/logger.rb:20:in `call'
  actionpack (4.1.5) lib/action_dispatch/middleware/request_id.rb:21:in `call'
  rack (1.5.2) lib/rack/methodoverride.rb:21:in `call'
  rack (1.5.2) lib/rack/runtime.rb:17:in `call'
  activesupport (4.1.5) lib/active_support/cache/strategy/local_cache_middleware.rb:26:in `call'
  rack (1.5.2) lib/rack/lock.rb:17:in `call'
  actionpack (4.1.5) lib/action_dispatch/middleware/static.rb:64:in `call'
  rack (1.5.2) lib/rack/sendfile.rb:112:in `call'
  railties (4.1.5) lib/rails/engine.rb:514:in `call'
  railties (4.1.5) lib/rails/application.rb:144:in `call'
  rack (1.5.2) lib/rack/lock.rb:17:in `call'
  rack (1.5.2) lib/rack/content_length.rb:14:in `call'
  rack (1.5.2) lib/rack/handler/webrick.rb:60:in `service'
  /Users/shuwu/.rvm/rubies/ruby-2.1.2/lib/ruby/2.1.0/webrick/httpserver.rb:138:in `service'
  /Users/shuwu/.rvm/rubies/ruby-2.1.2/lib/ruby/2.1.0/webrick/httpserver.rb:94:in `run'
  /Users/shuwu/.rvm/rubies/ruby-2.1.2/lib/ruby/2.1.0/webrick/server.rb:295:in `block in start_thread'


  Rendered /Users/shuwu/.rvm/gems/ruby-2.1.2@global/gems/actionpack-4.1.5/lib/action_dispatch/middleware/templates/rescues/_source.erb (0.8ms)
  Rendered /Users/shuwu/.rvm/gems/ruby-2.1.2@global/gems/actionpack-4.1.5/lib/action_dispatch/middleware/templates/rescues/_trace.html.erb (1.1ms)
  Rendered /Users/shuwu/.rvm/gems/ruby-2.1.2@global/gems/actionpack-4.1.5/lib/action_dispatch/middleware/templates/rescues/_request_and_response.html.erb (0.7ms)
  Rendered /Users/shuwu/.rvm/gems/ruby-2.1.2@global/gems/actionpack-4.1.5/lib/action_dispatch/middleware/templates/rescues/diagnostics.erb within rescues/layout (20.2ms)


Started GET "/favicon.ico" for 127.0.0.1 at 2014-08-28 21:13:53 -0400

ActionController::RoutingError (No route matches [GET] "/favicon.ico"):
  actionpack (4.1.5) lib/action_dispatch/middleware/debug_exceptions.rb:21:in `call'
  actionpack (4.1.5) lib/action_dispatch/middleware/show_exceptions.rb:30:in `call'
  railties (4.1.5) lib/rails/rack/logger.rb:38:in `call_app'
  railties (4.1.5) lib/rails/rack/logger.rb:20:in `block in call'
  activesupport (4.1.5) lib/active_support/tagged_logging.rb:68:in `block in tagged'
  activesupport (4.1.5) lib/active_support/tagged_logging.rb:26:in `tagged'
  activesupport (4.1.5) lib/active_support/tagged_logging.rb:68:in `tagged'
  railties (4.1.5) lib/rails/rack/logger.rb:20:in `call'
  actionpack (4.1.5) lib/action_dispatch/middleware/request_id.rb:21:in `call'
  rack (1.5.2) lib/rack/methodoverride.rb:21:in `call'
  rack (1.5.2) lib/rack/runtime.rb:17:in `call'
  activesupport (4.1.5) lib/active_support/cache/strategy/local_cache_middleware.rb:26:in `call'
  rack (1.5.2) lib/rack/lock.rb:17:in `call'
  actionpack (4.1.5) lib/action_dispatch/middleware/static.rb:64:in `call'
  rack (1.5.2) lib/rack/sendfile.rb:112:in `call'
  railties (4.1.5) lib/rails/engine.rb:514:in `call'
  railties (4.1.5) lib/rails/application.rb:144:in `call'
  rack (1.5.2) lib/rack/lock.rb:17:in `call'
  rack (1.5.2) lib/rack/content_length.rb:14:in `call'
  rack (1.5.2) lib/rack/handler/webrick.rb:60:in `service'
  /Users/shuwu/.rvm/rubies/ruby-2.1.2/lib/ruby/2.1.0/webrick/httpserver.rb:138:in `service'
  /Users/shuwu/.rvm/rubies/ruby-2.1.2/lib/ruby/2.1.0/webrick/httpserver.rb:94:in `run'
  /Users/shuwu/.rvm/rubies/ruby-2.1.2/lib/ruby/2.1.0/webrick/server.rb:295:in `block in start_thread'


  Rendered /Users/shuwu/.rvm/gems/ruby-2.1.2@global/gems/actionpack-4.1.5/lib/action_dispatch/middleware/templates/rescues/_trace.html.erb (0.8ms)
  Rendered /Users/shuwu/.rvm/gems/ruby-2.1.2@global/gems/actionpack-4.1.5/lib/action_dispatch/middleware/templates/routes/_table.html.erb (1.4ms)
  Rendered /Users/shuwu/.rvm/gems/ruby-2.1.2@global/gems/actionpack-4.1.5/lib/action_dispatch/middleware/templates/rescues/routing_error.html.erb within rescues/layout (10.4ms)


Started GET "/users" for 127.0.0.1 at 2014-08-28 21:16:23 -0400

ActionController::RoutingError (No route matches [GET] "/users"):
  actionpack (4.1.5) lib/action_dispatch/middleware/debug_exceptions.rb:21:in `call'
  actionpack (4.1.5) lib/action_dispatch/middleware/show_exceptions.rb:30:in `call'
  railties (4.1.5) lib/rails/rack/logger.rb:38:in `call_app'
  railties (4.1.5) lib/rails/rack/logger.rb:20:in `block in call'
  activesupport (4.1.5) lib/active_support/tagged_logging.rb:68:in `block in tagged'
  activesupport (4.1.5) lib/active_support/tagged_logging.rb:26:in `tagged'
  activesupport (4.1.5) lib/active_support/tagged_logging.rb:68:in `tagged'
  railties (4.1.5) lib/rails/rack/logger.rb:20:in `call'
  actionpack (4.1.5) lib/action_dispatch/middleware/request_id.rb:21:in `call'
  rack (1.5.2) lib/rack/methodoverride.rb:21:in `call'
  rack (1.5.2) lib/rack/runtime.rb:17:in `call'
  activesupport (4.1.5) lib/active_support/cache/strategy/local_cache_middleware.rb:26:in `call'
  rack (1.5.2) lib/rack/lock.rb:17:in `call'
  actionpack (4.1.5) lib/action_dispatch/middleware/static.rb:64:in `call'
  rack (1.5.2) lib/rack/sendfile.rb:112:in `call'
  railties (4.1.5) lib/rails/engine.rb:514:in `call'
  railties (4.1.5) lib/rails/application.rb:144:in `call'
  rack (1.5.2) lib/rack/lock.rb:17:in `call'
  rack (1.5.2) lib/rack/content_length.rb:14:in `call'
  rack (1.5.2) lib/rack/handler/webrick.rb:60:in `service'
  /Users/shuwu/.rvm/rubies/ruby-2.1.2/lib/ruby/2.1.0/webrick/httpserver.rb:138:in `service'
  /Users/shuwu/.rvm/rubies/ruby-2.1.2/lib/ruby/2.1.0/webrick/httpserver.rb:94:in `run'
  /Users/shuwu/.rvm/rubies/ruby-2.1.2/lib/ruby/2.1.0/webrick/server.rb:295:in `block in start_thread'


  Rendered /Users/shuwu/.rvm/gems/ruby-2.1.2@global/gems/actionpack-4.1.5/lib/action_dispatch/middleware/templates/rescues/_trace.html.erb (1.0ms)
  Rendered /Users/shuwu/.rvm/gems/ruby-2.1.2@global/gems/actionpack-4.1.5/lib/action_dispatch/middleware/templates/routes/_table.html.erb (0.8ms)
  Rendered /Users/shuwu/.rvm/gems/ruby-2.1.2@global/gems/actionpack-4.1.5/lib/action_dispatch/middleware/templates/rescues/routing_error.html.erb within rescues/layout (10.7ms)


Started GET "/user_scaffolding" for 127.0.0.1 at 2014-08-28 21:16:35 -0400

ActionController::RoutingError (No route matches [GET] "/user_scaffolding"):
  actionpack (4.1.5) lib/action_dispatch/middleware/debug_exceptions.rb:21:in `call'
  actionpack (4.1.5) lib/action_dispatch/middleware/show_exceptions.rb:30:in `call'
  railties (4.1.5) lib/rails/rack/logger.rb:38:in `call_app'
  railties (4.1.5) lib/rails/rack/logger.rb:20:in `block in call'
  activesupport (4.1.5) lib/active_support/tagged_logging.rb:68:in `block in tagged'
  activesupport (4.1.5) lib/active_support/tagged_logging.rb:26:in `tagged'
  activesupport (4.1.5) lib/active_support/tagged_logging.rb:68:in `tagged'
  railties (4.1.5) lib/rails/rack/logger.rb:20:in `call'
  actionpack (4.1.5) lib/action_dispatch/middleware/request_id.rb:21:in `call'
  rack (1.5.2) lib/rack/methodoverride.rb:21:in `call'
  rack (1.5.2) lib/rack/runtime.rb:17:in `call'
  activesupport (4.1.5) lib/active_support/cache/strategy/local_cache_middleware.rb:26:in `call'
  rack (1.5.2) lib/rack/lock.rb:17:in `call'
  actionpack (4.1.5) lib/action_dispatch/middleware/static.rb:64:in `call'
  rack (1.5.2) lib/rack/sendfile.rb:112:in `call'
  railties (4.1.5) lib/rails/engine.rb:514:in `call'
  railties (4.1.5) lib/rails/application.rb:144:in `call'
  rack (1.5.2) lib/rack/lock.rb:17:in `call'
  rack (1.5.2) lib/rack/content_length.rb:14:in `call'
  rack (1.5.2) lib/rack/handler/webrick.rb:60:in `service'
  /Users/shuwu/.rvm/rubies/ruby-2.1.2/lib/ruby/2.1.0/webrick/httpserver.rb:138:in `service'
  /Users/shuwu/.rvm/rubies/ruby-2.1.2/lib/ruby/2.1.0/webrick/httpserver.rb:94:in `run'
  /Users/shuwu/.rvm/rubies/ruby-2.1.2/lib/ruby/2.1.0/webrick/server.rb:295:in `block in start_thread'


  Rendered /Users/shuwu/.rvm/gems/ruby-2.1.2@global/gems/actionpack-4.1.5/lib/action_dispatch/middleware/templates/rescues/_trace.html.erb (0.9ms)
  Rendered /Users/shuwu/.rvm/gems/ruby-2.1.2@global/gems/actionpack-4.1.5/lib/action_dispatch/middleware/templates/routes/_table.html.erb (0.8ms)
  Rendered /Users/shuwu/.rvm/gems/ruby-2.1.2@global/gems/actionpack-4.1.5/lib/action_dispatch/middleware/templates/rescues/routing_error.html.erb within rescues/layout (9.3ms)
